<?xml version="1.0" encoding="UTF-8"?>
<!-- Generated by org.testng.reporters.JUnitXMLReporter -->
<testsuite ignored="0" hostname="DESKTOP-1QU3TNE" failures="0" tests="4" name="Default test" time="15.581" errors="0" timestamp="2024-03-25T18:18:20 IST">
  <testcase classname="com.tests.LoginTest" name="verifyPageTitle" time="0.049"/>
  <testcase classname="com.tests.LoginTest" name="verifylogo" time="0.122"/>
  <testcase classname="com.tests.LoginTest" name="verifyloginForm" time="0.063"/>
  <testcase classname="com.tests.LoginTest" name="clickonCreateAccountbotton" time="6.183"/>
</testsuite> <!-- Default test -->
