<?xml version="1.0" encoding="UTF-8"?>
<!-- Generated by org.testng.reporters.JUnitXMLReporter -->
<testsuite ignored="3" hostname="DESKTOP-1QU3TNE" failures="0" tests="7" name="Test" time="0.169" errors="0" timestamp="2024-03-13T20:07:06 IST">
  <testcase classname="com.base.BaseTest" name="@BeforeSuite reports" time="0.25">
    <failure type="java.lang.NoSuchFieldError" message="VERSION_2_3_30">
      <![CDATA[java.lang.NoSuchFieldError: VERSION_2_3_30
at com.aventstack.extentreports.reporter.AbstractFileReporter.loadTemplateModel(AbstractFileReporter.java:54)
at com.aventstack.extentreports.reporter.ExtentSparkReporter.start(ExtentSparkReporter.java:136)
at com.aventstack.extentreports.reporter.ExtentSparkReporter.access$000(ExtentSparkReporter.java:27)
at com.aventstack.extentreports.reporter.ExtentSparkReporter$1.onSubscribe(ExtentSparkReporter.java:116)
at io.reactivex.rxjava3.subjects.PublishSubject.subscribeActual(PublishSubject.java:133)
at io.reactivex.rxjava3.core.Observable.subscribe(Observable.java:13099)
at com.aventstack.extentreports.ReactiveSubject.attachReporter(ReactiveSubject.java:38)
at com.aventstack.extentreports.ExtentReports.attachReporter(ExtentReports.java:66)
at com.base.BaseTest.reports(BaseTest.java:50)
... Removed 19 stack frames]]>
    </failure>
  </testcase> <!-- @BeforeSuite reports -->
  <testcase classname="com.base.BaseTest" name="@BeforeTest setUpBrowser" time="-1.710340626406E9">
    <skipped/>
  </testcase> <!-- @BeforeTest setUpBrowser -->
  <testcase classname="com.tests.RegistrationTest" name="@BeforeClass preconditions" time="-1.710340626435E9">
    <skipped/>
  </testcase> <!-- @BeforeClass preconditions -->
  <testcase classname="com.tests.RegistrationTest" name="@BeforeMethod startTestcaseExecution" time="-1.710340626458E9">
    <skipped/>
  </testcase> <!-- @BeforeMethod startTestcaseExecution -->
  <testcase classname="com.tests.RegistrationTest" name="@AfterMethod stopTestCaseExecution" time="-1.710340626466E9">
    <skipped/>
  </testcase> <!-- @AfterMethod stopTestCaseExecution -->
  <testcase classname="com.tests.RegistrationTest" name="@BeforeMethod startTestcaseExecution" time="-1.710340626472E9">
    <skipped/>
  </testcase> <!-- @BeforeMethod startTestcaseExecution -->
  <testcase classname="com.tests.RegistrationTest" name="@AfterMethod stopTestCaseExecution" time="-1.71034062648E9">
    <skipped/>
  </testcase> <!-- @AfterMethod stopTestCaseExecution -->
  <testcase classname="com.tests.RegistrationTest" name="@BeforeMethod startTestcaseExecution" time="-1.710340626486E9">
    <skipped/>
  </testcase> <!-- @BeforeMethod startTestcaseExecution -->
  <testcase classname="com.tests.RegistrationTest" name="@AfterMethod stopTestCaseExecution" time="-1.710340626493E9">
    <skipped/>
  </testcase> <!-- @AfterMethod stopTestCaseExecution -->
  <testcase classname="com.tests.RegistrationTest" name="@AfterClass teardown" time="-1.710340626497E9">
    <skipped/>
  </testcase> <!-- @AfterClass teardown -->
  <testcase classname="com.tests.LoginTest" name="@BeforeClass precondition" time="-1.7103406265E9">
    <skipped/>
  </testcase> <!-- @BeforeClass precondition -->
  <testcase classname="com.tests.LoginTest" name="@BeforeMethod startTestcaseExecution" time="-1.710340626506E9">
    <skipped/>
  </testcase> <!-- @BeforeMethod startTestcaseExecution -->
  <testcase classname="com.tests.LoginTest" name="@AfterMethod stopTestCaseExecution" time="-1.710340626519E9">
    <skipped/>
  </testcase> <!-- @AfterMethod stopTestCaseExecution -->
  <testcase classname="com.tests.LoginTest" name="@BeforeMethod startTestcaseExecution" time="-1.710340626524E9">
    <skipped/>
  </testcase> <!-- @BeforeMethod startTestcaseExecution -->
  <testcase classname="com.tests.LoginTest" name="@AfterMethod stopTestCaseExecution" time="-1.710340626537E9">
    <skipped/>
  </testcase> <!-- @AfterMethod stopTestCaseExecution -->
  <testcase classname="com.tests.LoginTest" name="@BeforeMethod startTestcaseExecution" time="-1.710340626543E9">
    <skipped/>
  </testcase> <!-- @BeforeMethod startTestcaseExecution -->
  <testcase classname="com.tests.LoginTest" name="@AfterMethod stopTestCaseExecution" time="-1.710340626555E9">
    <skipped/>
  </testcase> <!-- @AfterMethod stopTestCaseExecution -->
  <testcase classname="com.tests.LoginTest" name="@BeforeMethod startTestcaseExecution" time="-1.710340626558E9">
    <skipped/>
  </testcase> <!-- @BeforeMethod startTestcaseExecution -->
  <testcase classname="com.tests.LoginTest" name="@AfterMethod stopTestCaseExecution" time="-1.710340626565E9">
    <skipped/>
  </testcase> <!-- @AfterMethod stopTestCaseExecution -->
  <testcase classname="com.tests.LoginTest" name="@AfterClass teardown" time="-1.710340626569E9">
    <skipped/>
  </testcase> <!-- @AfterClass teardown -->
  <testcase classname="com.tests.RegistrationTest" name="verifyRegFormElement" time="0.0">
    <skipped/>
  </testcase> <!-- verifyRegFormElement -->
  <testcase classname="com.tests.RegistrationTest" name="verifyRegFormFunction" time="0.0">
    <skipped/>
  </testcase> <!-- verifyRegFormFunction -->
  <testcase classname="com.tests.RegistrationTest" name="verifyRegistrationform" time="0.0">
    <skipped/>
  </testcase> <!-- verifyRegistrationform -->
  <testcase classname="com.tests.LoginTest" name="verifyPageTitle" time="0.0">
    <skipped/>
  </testcase> <!-- verifyPageTitle -->
  <testcase classname="com.tests.LoginTest" name="verifylogo" time="0.0">
    <skipped/>
  </testcase> <!-- verifylogo -->
  <testcase classname="com.tests.LoginTest" name="verifyloginForm" time="0.0">
    <skipped/>
  </testcase> <!-- verifyloginForm -->
  <testcase classname="com.tests.LoginTest" name="clickonCreateAccountbotton" time="0.0">
    <skipped/>
  </testcase> <!-- clickonCreateAccountbotton -->
  <testcase classname="com.base.BaseTest" name="@AfterSuite exitReport" time="0.0">
    <ignored/>
  </testcase> <!-- @AfterSuite exitReport -->
  <testcase classname="com.base.BaseTest" name="@BeforeTest setUpBrowser" time="0.0">
    <ignored/>
  </testcase> <!-- @BeforeTest setUpBrowser -->
  <testcase classname="com.base.BaseTest" name="@BeforeSuite reports" time="0.0">
    <ignored/>
  </testcase> <!-- @BeforeSuite reports -->
</testsuite> <!-- Test -->
