<?xml version="1.0" encoding="UTF-8"?>
<!-- Generated by org.testng.reporters.JUnitXMLReporter -->
<testsuite ignored="0" hostname="DESKTOP-1QU3TNE" failures="0" tests="4" name="Test1" time="18.38" errors="0" timestamp="2024-03-25T09:29:26 IST">
  <testcase classname="com.tests.LoginTest" name="verifyPageTitle" time="0.101"/>
  <testcase classname="com.tests.LoginTest" name="verifylogo" time="0.322"/>
  <testcase classname="com.tests.LoginTest" name="verifyloginForm" time="0.112"/>
  <testcase classname="com.tests.LoginTest" name="clickonCreateAccountbotton" time="6.218"/>
</testsuite> <!-- Test1 -->
